TN:
SF:src/character/domain/character.entity.ts
FN:15,<instance_members_initializer>
FN:32,<instance_members_initializer>
FN:47,Character
FN:63,create
FN:88,activateCharacter
FN:92,deactivateCharacter
FN:96,validate
FN:101,toJSON
FNF:8
FNH:7
FNDA:0,<instance_members_initializer>
FNDA:143,<instance_members_initializer>
FNDA:143,Character
FNDA:4,create
FNDA:2,activateCharacter
FNDA:2,deactivateCharacter
FNDA:33,validate
FNDA:2,toJSON
DA:1,1
DA:2,1
DA:3,1
DA:4,1
DA:5,1
DA:6,1
DA:7,1
DA:8,1
DA:9,1
DA:10,1
DA:11,1
DA:12,1
DA:13,1
DA:14,1
DA:15,1
DA:16,0
DA:17,0
DA:18,0
DA:19,0
DA:20,0
DA:21,0
DA:22,0
DA:23,0
DA:24,0
DA:25,0
DA:26,0
DA:27,0
DA:28,0
DA:29,0
DA:30,1
DA:31,1
DA:32,1
DA:33,143
DA:34,143
DA:35,143
DA:36,143
DA:37,143
DA:38,143
DA:39,143
DA:40,143
DA:41,143
DA:42,143
DA:43,143
DA:44,143
DA:45,143
DA:46,143
DA:47,143
DA:48,143
DA:49,143
DA:50,143
DA:51,143
DA:52,143
DA:53,143
DA:54,143
DA:55,143
DA:56,143
DA:57,143
DA:58,143
DA:59,143
DA:60,143
DA:61,143
DA:62,143
DA:63,143
DA:64,4
DA:65,4
DA:66,4
DA:67,4
DA:68,4
DA:69,4
DA:70,4
DA:71,4
DA:72,4
DA:73,4
DA:74,4
DA:75,4
DA:76,4
DA:77,4
DA:78,40
DA:79,40
DA:80,4
DA:81,4
DA:82,4
DA:83,4
DA:84,4
DA:85,4
DA:86,4
DA:87,143
DA:88,143
DA:89,2
DA:90,2
DA:91,143
DA:92,143
DA:93,2
DA:94,2
DA:95,143
DA:96,143
DA:97,33
DA:98,33
DA:99,33
DA:100,143
DA:101,143
DA:102,2
DA:103,2
DA:104,2
DA:105,2
DA:106,2
DA:107,2
DA:108,2
DA:109,2
DA:110,2
DA:111,2
DA:112,2
DA:113,2
DA:114,2
DA:115,2
DA:116,2
DA:117,2
DA:118,143
LF:118
LH:104
BRDA:32,0,0,143
BRDA:47,1,0,143
BRDA:63,2,0,4
BRDA:77,3,0,40
BRDA:88,4,0,2
BRDA:92,5,0,2
BRDA:96,6,0,33
BRDA:101,7,0,2
BRF:8
BRH:8
end_of_record
TN:
SF:src/character/domain/characterAppearance.ts
FN:4,<instance_members_initializer>
FN:17,CharacterAppearance
FN:31,create
FN:37,validate
FN:42,changeCharacterAppearance
FNF:5
FNH:5
FNDA:63,<instance_members_initializer>
FNDA:63,CharacterAppearance
FNDA:4,create
FNDA:6,validate
FNDA:1,changeCharacterAppearance
DA:1,1
DA:2,1
DA:3,1
DA:4,1
DA:5,63
DA:6,63
DA:7,63
DA:8,63
DA:9,63
DA:10,63
DA:11,63
DA:12,63
DA:13,63
DA:14,63
DA:15,63
DA:16,63
DA:17,63
DA:18,63
DA:19,63
DA:20,63
DA:21,63
DA:22,63
DA:23,63
DA:24,63
DA:25,63
DA:26,63
DA:27,63
DA:28,63
DA:29,63
DA:30,63
DA:31,63
DA:32,4
DA:33,4
DA:34,4
DA:35,4
DA:36,63
DA:37,63
DA:38,6
DA:39,6
DA:40,6
DA:41,63
DA:42,63
DA:43,1
DA:44,1
DA:45,63
LF:45
LH:45
BRDA:4,0,0,63
BRDA:17,1,0,63
BRDA:31,2,0,4
BRDA:37,3,0,6
BRDA:42,4,0,1
BRF:5
BRH:5
end_of_record
TN:
SF:src/character/domain/characterAttributes.ts
FN:3,<instance_members_initializer>
FN:27,CharacterAttributes
FN:52,create
FN:58,validate
FN:63,changeCharacterAttributes
FNF:5
FNH:5
FNDA:73,<instance_members_initializer>
FNDA:73,CharacterAttributes
FNDA:6,create
FNDA:10,validate
FNDA:2,changeCharacterAttributes
DA:1,1
DA:2,1
DA:3,1
DA:4,73
DA:5,73
DA:6,73
DA:7,73
DA:8,73
DA:9,73
DA:10,73
DA:11,73
DA:12,73
DA:13,73
DA:14,73
DA:15,73
DA:16,73
DA:17,73
DA:18,73
DA:19,73
DA:20,73
DA:21,73
DA:22,73
DA:23,73
DA:24,73
DA:25,73
DA:26,73
DA:27,73
DA:28,73
DA:29,73
DA:30,73
DA:31,73
DA:32,73
DA:33,73
DA:34,73
DA:35,73
DA:36,73
DA:37,73
DA:38,73
DA:39,73
DA:40,73
DA:41,73
DA:42,73
DA:43,73
DA:44,73
DA:45,73
DA:46,73
DA:47,73
DA:48,73
DA:49,73
DA:50,73
DA:51,73
DA:52,73
DA:53,6
DA:54,6
DA:55,6
DA:56,6
DA:57,73
DA:58,73
DA:59,10
DA:60,10
DA:61,10
DA:62,73
DA:63,73
DA:64,2
DA:65,2
DA:66,73
LF:66
LH:66
BRDA:3,0,0,73
BRDA:27,1,0,73
BRDA:52,2,0,6
BRDA:58,3,0,10
BRDA:63,4,0,2
BRF:5
BRH:5
end_of_record
TN:
SF:src/character/domain/characterAttributes.validator.ts
FN:5,<instance_members_initializer>
FN:79,CharacterAttributesRules
FN:84,validate
FN:90,create
FNF:4
FNH:4
FNDA:10,<instance_members_initializer>
FNDA:10,CharacterAttributesRules
FNDA:10,validate
FNDA:10,create
DA:1,1
DA:2,1
DA:3,1
DA:4,1
DA:5,10
DA:6,10
DA:7,10
DA:8,10
DA:9,10
DA:10,10
DA:11,10
DA:12,10
DA:13,10
DA:14,10
DA:15,10
DA:16,10
DA:17,10
DA:18,10
DA:19,10
DA:20,10
DA:21,10
DA:22,10
DA:23,10
DA:24,10
DA:25,10
DA:26,10
DA:27,10
DA:28,10
DA:29,10
DA:30,10
DA:31,10
DA:32,10
DA:33,10
DA:34,10
DA:35,10
DA:36,10
DA:37,10
DA:38,10
DA:39,10
DA:40,10
DA:41,10
DA:42,10
DA:43,10
DA:44,10
DA:45,10
DA:46,10
DA:47,10
DA:48,10
DA:49,10
DA:50,10
DA:51,10
DA:52,10
DA:53,10
DA:54,10
DA:55,10
DA:56,10
DA:57,10
DA:58,10
DA:59,10
DA:60,10
DA:61,10
DA:62,10
DA:63,10
DA:64,10
DA:65,10
DA:66,10
DA:67,10
DA:68,10
DA:69,10
DA:70,10
DA:71,10
DA:72,10
DA:73,10
DA:74,10
DA:75,10
DA:76,10
DA:77,10
DA:78,10
DA:79,10
DA:80,10
DA:81,10
DA:82,10
DA:83,1
DA:84,1
DA:85,10
DA:86,10
DA:87,1
DA:88,1
DA:89,1
DA:90,1
DA:91,10
DA:92,10
DA:93,1
LF:93
LH:93
BRDA:5,0,0,10
BRDA:79,1,0,10
BRDA:84,2,0,10
BRDA:90,3,0,10
BRF:4
BRH:4
end_of_record
TN:
SF:src/character/domain/characterCalculations.ts
FN:5,<instance_members_initializer>
FN:39,CharacterCalculations
FN:74,create
FN:78,validate
FN:83,changeCharacterCalculations
FNF:5
FNH:5
FNDA:215,<instance_members_initializer>
FNDA:215,CharacterCalculations
FNDA:4,create
FNDA:3,validate
FNDA:2,changeCharacterCalculations
DA:1,1
DA:2,1
DA:3,1
DA:4,1
DA:5,1
DA:6,215
DA:7,215
DA:8,215
DA:9,215
DA:10,215
DA:11,215
DA:12,215
DA:13,215
DA:14,215
DA:15,215
DA:16,215
DA:17,215
DA:18,215
DA:19,215
DA:20,215
DA:21,215
DA:22,215
DA:23,215
DA:24,215
DA:25,215
DA:26,215
DA:27,215
DA:28,215
DA:29,215
DA:30,215
DA:31,215
DA:32,215
DA:33,215
DA:34,215
DA:35,215
DA:36,215
DA:37,215
DA:38,215
DA:39,215
DA:40,215
DA:41,215
DA:42,215
DA:43,215
DA:44,215
DA:45,215
DA:46,215
DA:47,215
DA:48,215
DA:49,215
DA:50,215
DA:51,215
DA:52,215
DA:53,215
DA:54,215
DA:55,215
DA:56,215
DA:57,215
DA:58,215
DA:59,215
DA:60,215
DA:61,215
DA:62,215
DA:63,215
DA:64,215
DA:65,215
DA:66,215
DA:67,215
DA:68,215
DA:69,215
DA:70,215
DA:71,215
DA:72,215
DA:73,215
DA:74,215
DA:75,4
DA:76,4
DA:77,215
DA:78,215
DA:79,3
DA:80,3
DA:81,3
DA:82,215
DA:83,215
DA:84,2
DA:85,2
DA:86,215
LF:86
LH:86
BRDA:5,0,0,215
BRDA:39,1,0,215
BRDA:74,2,0,4
BRDA:78,3,0,3
BRDA:83,4,0,2
BRF:5
BRH:5
end_of_record
TN:
SF:src/character/domain/characterChecks.ts
FN:5,<instance_members_initializer>
FN:20,CharacterChecks
FN:36,create
FN:40,validate
FN:45,changeCharacterChecks
FNF:5
FNH:4
FNDA:17,<instance_members_initializer>
FNDA:17,CharacterChecks
FNDA:4,create
FNDA:0,validate
FNDA:2,changeCharacterChecks
DA:1,1
DA:2,1
DA:3,1
DA:4,1
DA:5,1
DA:6,17
DA:7,17
DA:8,17
DA:9,17
DA:10,17
DA:11,17
DA:12,17
DA:13,17
DA:14,17
DA:15,17
DA:16,17
DA:17,17
DA:18,17
DA:19,17
DA:20,17
DA:21,17
DA:22,17
DA:23,17
DA:24,17
DA:25,17
DA:26,17
DA:27,17
DA:28,17
DA:29,17
DA:30,17
DA:31,17
DA:32,17
DA:33,17
DA:34,17
DA:35,17
DA:36,17
DA:37,4
DA:38,4
DA:39,17
DA:40,17
DA:41,0
DA:42,0
DA:43,0
DA:44,17
DA:45,17
DA:46,2
DA:47,2
DA:48,17
LF:48
LH:45
BRDA:5,0,0,17
BRDA:20,1,0,17
BRDA:36,2,0,4
BRDA:45,3,0,2
BRF:4
BRH:4
end_of_record
TN:
SF:src/character/domain/characterDefenses.ts
FN:5,<instance_members_initializer>
FN:17,CharacterDefenses
FN:30,create
FN:34,validate
FN:39,changeCharacterDefenses
FNF:5
FNH:5
FNDA:39,<instance_members_initializer>
FNDA:39,CharacterDefenses
FNDA:4,create
FNDA:1,validate
FNDA:2,changeCharacterDefenses
DA:1,1
DA:2,1
DA:3,1
DA:4,1
DA:5,1
DA:6,39
DA:7,39
DA:8,39
DA:9,39
DA:10,39
DA:11,39
DA:12,39
DA:13,39
DA:14,39
DA:15,39
DA:16,39
DA:17,39
DA:18,39
DA:19,39
DA:20,39
DA:21,39
DA:22,39
DA:23,39
DA:24,39
DA:25,39
DA:26,39
DA:27,39
DA:28,39
DA:29,39
DA:30,39
DA:31,4
DA:32,4
DA:33,39
DA:34,39
DA:35,1
DA:36,1
DA:37,1
DA:38,39
DA:39,39
DA:40,2
DA:41,2
DA:42,39
LF:42
LH:42
BRDA:5,0,0,39
BRDA:17,1,0,39
BRDA:30,2,0,4
BRDA:34,3,0,1
BRDA:39,4,0,2
BRF:5
BRH:5
end_of_record
TN:
SF:src/character/domain/characterInformation.ts
FN:5,<instance_members_initializer>
FN:17,CharacterInformation
FN:29,create
FN:33,validate
FN:38,changeCharacterInformation
FNF:5
FNH:5
FNDA:35,<instance_members_initializer>
FNDA:35,CharacterInformation
FNDA:6,create
FNDA:1,validate
FNDA:1,changeCharacterInformation
DA:1,1
DA:2,1
DA:3,1
DA:4,1
DA:5,1
DA:6,35
DA:7,35
DA:8,35
DA:9,35
DA:10,35
DA:11,35
DA:12,35
DA:13,35
DA:14,35
DA:15,35
DA:16,35
DA:17,35
DA:18,35
DA:19,35
DA:20,35
DA:21,35
DA:22,35
DA:23,35
DA:24,35
DA:25,35
DA:26,35
DA:27,35
DA:28,35
DA:29,35
DA:30,6
DA:31,6
DA:32,35
DA:33,35
DA:34,1
DA:35,1
DA:36,1
DA:37,35
DA:38,35
DA:39,1
DA:40,1
DA:41,35
LF:41
LH:41
BRDA:5,0,0,35
BRDA:17,1,0,35
BRDA:18,2,0,0
BRDA:29,3,0,6
BRDA:33,4,0,1
BRDA:38,5,0,1
BRF:6
BRH:5
end_of_record
TN:
SF:src/character/domain/characterLanguages.ts
FN:5,<instance_members_initializer>
FN:10,CharacterLanguages
FN:16,create
FN:20,validate
FN:25,changeCharacterLanguages
FNF:5
FNH:5
FNDA:25,<instance_members_initializer>
FNDA:25,CharacterLanguages
FNDA:4,create
FNDA:1,validate
FNDA:2,changeCharacterLanguages
DA:1,1
DA:2,1
DA:3,1
DA:4,1
DA:5,1
DA:6,25
DA:7,25
DA:8,25
DA:9,25
DA:10,25
DA:11,25
DA:12,25
DA:13,25
DA:14,25
DA:15,25
DA:16,25
DA:17,4
DA:18,4
DA:19,25
DA:20,25
DA:21,1
DA:22,1
DA:23,1
DA:24,25
DA:25,25
DA:26,2
DA:27,2
DA:28,25
LF:28
LH:28
BRDA:5,0,0,25
BRDA:10,1,0,25
BRDA:16,2,0,4
BRDA:20,3,0,1
BRDA:25,4,0,2
BRF:5
BRH:5
end_of_record
TN:
SF:src/character/domain/characterMiscellaneous.ts
FN:6,<instance_members_initializer>
FN:25,CharacterMiscellaneous
FN:45,create
FN:49,validate
FN:54,changeCharacterMiscellaneous
FNF:5
FNH:5
FNDA:53,<instance_members_initializer>
FNDA:53,CharacterMiscellaneous
FNDA:4,create
FNDA:1,validate
FNDA:2,changeCharacterMiscellaneous
DA:1,1
DA:2,1
DA:3,1
DA:4,1
DA:5,1
DA:6,1
DA:7,53
DA:8,53
DA:9,53
DA:10,53
DA:11,53
DA:12,53
DA:13,53
DA:14,53
DA:15,53
DA:16,53
DA:17,53
DA:18,53
DA:19,53
DA:20,53
DA:21,53
DA:22,53
DA:23,53
DA:24,53
DA:25,53
DA:26,53
DA:27,53
DA:28,53
DA:29,53
DA:30,53
DA:31,53
DA:32,53
DA:33,53
DA:34,53
DA:35,53
DA:36,53
DA:37,53
DA:38,53
DA:39,53
DA:40,53
DA:41,53
DA:42,53
DA:43,53
DA:44,53
DA:45,53
DA:46,4
DA:47,4
DA:48,53
DA:49,53
DA:50,1
DA:51,1
DA:52,1
DA:53,53
DA:54,53
DA:55,2
DA:56,2
DA:57,53
LF:57
LH:57
BRDA:6,0,0,53
BRDA:25,1,0,53
BRDA:45,2,0,4
BRDA:49,3,0,1
BRDA:54,4,0,2
BRF:5
BRH:5
end_of_record
TN:
SF:src/character/domain/characterPossessions.ts
FN:5,<instance_members_initializer>
FN:15,CharacterPossessions
FN:26,create
FN:30,validate
FN:35,changeCharacterPossessions
FNF:5
FNH:5
FNDA:35,<instance_members_initializer>
FNDA:35,CharacterPossessions
FNDA:4,create
FNDA:1,validate
FNDA:2,changeCharacterPossessions
DA:1,1
DA:2,1
DA:3,1
DA:4,1
DA:5,1
DA:6,35
DA:7,35
DA:8,35
DA:9,35
DA:10,35
DA:11,35
DA:12,35
DA:13,35
DA:14,35
DA:15,35
DA:16,35
DA:17,35
DA:18,35
DA:19,35
DA:20,35
DA:21,35
DA:22,35
DA:23,35
DA:24,35
DA:25,35
DA:26,35
DA:27,4
DA:28,4
DA:29,35
DA:30,35
DA:31,1
DA:32,1
DA:33,1
DA:34,35
DA:35,35
DA:36,2
DA:37,2
DA:38,35
LF:38
LH:38
BRDA:5,0,0,35
BRDA:15,1,0,35
BRDA:26,2,0,4
BRDA:30,3,0,1
BRDA:35,4,0,2
BRF:5
BRH:5
end_of_record
TN:
SF:src/character/domain/characterSpells.ts
FN:5,<instance_members_initializer>
FN:19,CharacterSpells
FN:34,create
FN:38,validate
FN:43,changeCharacterSpells
FNF:5
FNH:4
FNDA:17,<instance_members_initializer>
FNDA:17,CharacterSpells
FNDA:4,create
FNDA:0,validate
FNDA:2,changeCharacterSpells
DA:1,1
DA:2,1
DA:3,1
DA:4,1
DA:5,1
DA:6,17
DA:7,17
DA:8,17
DA:9,17
DA:10,17
DA:11,17
DA:12,17
DA:13,17
DA:14,17
DA:15,17
DA:16,17
DA:17,17
DA:18,17
DA:19,17
DA:20,17
DA:21,17
DA:22,17
DA:23,17
DA:24,17
DA:25,17
DA:26,17
DA:27,17
DA:28,17
DA:29,17
DA:30,17
DA:31,17
DA:32,17
DA:33,17
DA:34,17
DA:35,4
DA:36,4
DA:37,17
DA:38,17
DA:39,0
DA:40,0
DA:41,0
DA:42,17
DA:43,17
DA:44,2
DA:45,2
DA:46,17
LF:46
LH:43
BRDA:5,0,0,17
BRDA:19,1,0,17
BRDA:34,2,0,4
BRDA:43,3,0,2
BRF:4
BRH:4
end_of_record
TN:
SF:src/shared/domain/value-objects/uuid.vo.ts
FN:4,<instance_members_initializer>
FN:6,Uuid
FN:12,validate
FN:21,InvalidUuidError
FNF:4
FNH:3
FNDA:13,<instance_members_initializer>
FNDA:13,Uuid
FNDA:13,validate
FNDA:0,InvalidUuidError
DA:1,1
DA:2,1
DA:3,1
DA:4,1
DA:5,13
DA:6,13
DA:7,13
DA:8,13
DA:9,13
DA:10,13
DA:11,13
DA:12,13
DA:13,13
DA:14,13
DA:15,0
DA:16,0
DA:17,13
DA:18,13
DA:19,1
DA:20,1
DA:21,1
DA:22,0
DA:23,0
DA:24,0
DA:25,1
LF:25
LH:20
BRDA:4,0,0,13
BRDA:6,1,0,13
BRDA:12,2,0,13
BRDA:14,3,0,0
BRF:4
BRH:3
end_of_record
TN:
SF:src/shared/mocks/mockCharacterAppearance.ts
FN:4,changeCharacterAppearance
FNF:1
FNH:0
FNDA:0,changeCharacterAppearance
DA:1,1
DA:2,1
DA:3,1
DA:4,1
DA:5,0
DA:6,0
DA:7,1
DA:8,1
DA:9,1
DA:10,1
DA:11,1
DA:12,1
DA:13,1
DA:14,1
DA:15,1
DA:16,1
DA:17,1
DA:18,1
LF:18
LH:16
BRF:0
BRH:0
end_of_record
TN:
SF:src/shared/mocks/mockCharacterAttributes.ts
FN:4,changeCharacterAttributes
FNF:1
FNH:0
FNDA:0,changeCharacterAttributes
DA:1,1
DA:2,1
DA:3,1
DA:4,1
DA:5,0
DA:6,0
DA:7,1
DA:8,1
DA:9,1
DA:10,1
DA:11,1
DA:12,1
DA:13,1
DA:14,1
DA:15,1
DA:16,1
DA:17,1
DA:18,1
DA:19,1
DA:20,1
DA:21,1
DA:22,1
DA:23,1
DA:24,1
DA:25,1
DA:26,1
DA:27,1
DA:28,1
DA:29,1
LF:29
LH:27
BRF:0
BRH:0
end_of_record
TN:
SF:src/shared/mocks/mockCharacterCalculations.ts
FN:4,changeCharacterCalculations
FNF:1
FNH:0
FNDA:0,changeCharacterCalculations
DA:1,1
DA:2,1
DA:3,1
DA:4,1
DA:5,0
DA:6,0
DA:7,1
DA:8,1
DA:9,1
DA:10,1
DA:11,1
DA:12,1
DA:13,1
DA:14,1
DA:15,1
DA:16,1
DA:17,1
DA:18,1
DA:19,1
DA:20,1
DA:21,1
DA:22,1
DA:23,1
DA:24,1
DA:25,1
DA:26,1
DA:27,1
DA:28,1
DA:29,1
DA:30,1
DA:31,1
DA:32,1
DA:33,1
DA:34,1
DA:35,1
DA:36,1
DA:37,1
DA:38,1
DA:39,1
LF:39
LH:37
BRF:0
BRH:0
end_of_record
TN:
SF:src/shared/mocks/mockCharacterChecks.ts
FN:4,changeCharacterChecks
FNF:1
FNH:0
FNDA:0,changeCharacterChecks
DA:1,1
DA:2,1
DA:3,1
DA:4,1
DA:5,0
DA:6,0
DA:7,1
DA:8,1
DA:9,1
DA:10,1
DA:11,1
DA:12,1
DA:13,1
DA:14,1
DA:15,1
DA:16,1
DA:17,1
DA:18,1
DA:19,1
DA:20,1
LF:20
LH:18
BRF:0
BRH:0
end_of_record
TN:
SF:src/shared/mocks/mockCharacterCreate.ts
FNF:0
FNH:0
DA:1,1
DA:2,1
DA:3,1
DA:4,1
DA:5,1
DA:6,1
DA:7,1
DA:8,1
DA:9,1
DA:10,1
DA:11,1
DA:12,1
DA:13,1
DA:14,1
DA:15,1
DA:16,1
DA:17,1
DA:18,1
DA:19,1
DA:20,1
DA:21,1
DA:22,1
DA:23,1
DA:24,1
DA:25,1
DA:26,1
DA:27,1
DA:28,1
DA:29,1
DA:30,1
DA:31,1
LF:31
LH:31
BRF:0
BRH:0
end_of_record
TN:
SF:src/shared/mocks/mockCharacterDefenses.ts
FN:4,changeCharacterDefenses
FNF:1
FNH:0
FNDA:0,changeCharacterDefenses
DA:1,1
DA:2,1
DA:3,1
DA:4,1
DA:5,1
DA:6,1
DA:7,1
DA:8,1
DA:9,1
DA:10,1
DA:11,1
DA:12,1
DA:13,1
DA:14,1
DA:15,1
LF:15
LH:15
BRF:0
BRH:0
end_of_record
TN:
SF:src/shared/mocks/mockCharacterInformation.ts
FN:6,changeCharacterInformation
FNF:1
FNH:1
FNDA:4,changeCharacterInformation
DA:1,1
DA:2,1
DA:3,1
DA:4,1
DA:5,1
DA:6,1
DA:7,4
DA:8,4
DA:9,1
DA:10,1
DA:11,1
DA:12,1
DA:13,1
DA:14,1
DA:15,1
DA:16,1
DA:17,1
DA:18,1
LF:18
LH:18
BRDA:6,0,0,4
BRF:1
BRH:1
end_of_record
TN:
SF:src/shared/mocks/mockCharacterLanguages.ts
FN:7,changeCharacterLanguages
FNF:1
FNH:0
FNDA:0,changeCharacterLanguages
DA:1,1
DA:2,1
DA:3,1
DA:4,1
DA:5,1
DA:6,1
DA:7,1
DA:8,0
DA:9,0
DA:10,0
DA:11,0
DA:12,1
LF:12
LH:8
BRF:0
BRH:0
end_of_record
TN:
SF:src/shared/mocks/mockCharacterMiscellaneous.ts
FN:4,changeCharacterMiscellaneous
FNF:1
FNH:0
FNDA:0,changeCharacterMiscellaneous
DA:1,1
DA:2,1
DA:3,1
DA:4,1
DA:5,0
DA:6,0
DA:7,1
DA:8,1
DA:9,1
DA:10,1
DA:11,1
DA:12,1
DA:13,1
DA:14,1
DA:15,1
DA:16,1
DA:17,1
DA:18,1
DA:19,1
DA:20,1
DA:21,1
DA:22,1
DA:23,1
DA:24,1
LF:24
LH:22
BRF:0
BRH:0
end_of_record
TN:
SF:src/shared/mocks/mockCharacterPossessions.ts
FN:12,changeCharacterPossessions
FNF:1
FNH:0
FNDA:0,changeCharacterPossessions
DA:1,1
DA:2,1
DA:3,1
DA:4,1
DA:5,1
DA:6,1
DA:7,1
DA:8,1
DA:9,1
DA:10,1
DA:11,1
DA:12,1
DA:13,0
DA:14,0
DA:15,1
LF:15
LH:13
BRF:0
BRH:0
end_of_record
TN:
SF:src/shared/mocks/mockCharacterSpells.ts
FN:4,changeCharacterSpells
FNF:1
FNH:0
FNDA:0,changeCharacterSpells
DA:1,1
DA:2,1
DA:3,1
DA:4,1
DA:5,0
DA:6,0
DA:7,1
DA:8,1
DA:9,1
DA:10,1
DA:11,1
DA:12,1
DA:13,1
DA:14,1
DA:15,1
DA:16,1
DA:17,1
DA:18,1
DA:19,1
LF:19
LH:17
BRF:0
BRH:0
end_of_record
