TN:
SF:src/shared/domain/value-objects/uuid.vo.ts
FN:4,<instance_members_initializer>
FN:6,Uuid
FN:12,validate
FN:21,InvalidUuidError
FNF:4
FNH:4
FNDA:3,<instance_members_initializer>
FNDA:3,Uuid
FNDA:3,validate
FNDA:2,InvalidUuidError
DA:1,1
DA:2,1
DA:3,1
DA:4,1
DA:5,3
DA:6,3
DA:7,3
DA:8,3
DA:9,3
DA:10,3
DA:11,3
DA:12,3
DA:13,3
DA:14,3
DA:15,1
DA:16,1
DA:17,3
DA:18,3
DA:19,1
DA:20,1
DA:21,1
DA:22,2
DA:23,2
DA:24,2
DA:25,1
LF:25
LH:25
BRDA:4,0,0,3
BRDA:6,1,0,3
BRDA:8,2,0,1
BRDA:12,3,0,3
BRDA:14,4,0,1
BRDA:21,5,0,2
BRF:6
BRH:6
end_of_record
